app/build/outputs/logs/manifest-merger-debug-report.txt
-- Merging decision tree log ---
manifest
ADDED from src/main/AndroidManifest.xml:17:1-45:12
	package
		ADDED from src/main/AndroidManifest.xml:18:5-54
		INJECTED from src/main/AndroidManifest.xml
		INJECTED from src/main/AndroidManifest.xml
	android:versionName
		ADDED from src/main/AndroidManifest.xml:20:5-30
		INJECTED from src/main/AndroidManifest.xml
		INJECTED from src/main/AndroidManifest.xml
	android:versionCode
		ADDED from src/main/AndroidManifest.xml:19:5-28
		INJECTED from src/main/AndroidManifest.xml
		INJECTED from src/main/AndroidManifest.xml
	xmlns:android
		ADDED from src/main/AndroidManifest.xml:17:11-69
uses-permission#android.permission.INTERNET
ADDED from src/main/AndroidManifest.xml:21:5-66
	android:name
		ADDED from src/main/AndroidManifest.xml:21:22-64
uses-permission#android.permission.ACCESS_NETWORK_STATE
ADDED from src/main/AndroidManifest.xml:22:5-79
	android:name
		ADDED from src/main/AndroidManifest.xml:22:22-76
uses-permission#android.permission.RECORD_AUDIO
ADDED from src/main/AndroidManifest.xml:23:5-71
	android:name
		ADDED from src/main/AndroidManifest.xml:23:22-68
uses-sdk
ADDED from src/main/AndroidManifest.xml:25:5-44
MERGED from [com.android.support:design:23.4.0] AndroidManifest.xml:20:5-43
MERGED from [com.android.support:recyclerview-v7:23.4.0] AndroidManifest.xml:20:5-43
MERGED from [com.android.support:support-v4:23.4.0] AndroidManifest.xml:20:5-43
MERGED from [com.android.support:appcompat-v7:23.4.0] AndroidManifest.xml:21:5-23:78
MERGED from [com.android.support:animated-vector-drawable:23.4.0] AndroidManifest.xml:5:5-44
MERGED from [com.android.support:support-vector-drawable:23.4.0] AndroidManifest.xml:5:5-43
MERGED from [com.google.android.gms:play-services-appindexing:8.1.0] AndroidManifest.xml:18:5-42
MERGED from [com.google.android.gms:play-services-basement:8.1.0] AndroidManifest.xml:18:5-42
MERGED from [com.journeyapps:zxing-android-embedded:2.0.1] AndroidManifest.xml:19:5-21:41
MERGED from [com.journeyapps:zxing-android-legacy:2.0.1] AndroidManifest.xml:20:5-22:41
MERGED from [com.journeyapps:zxing-android-integration:2.0.1] AndroidManifest.xml:5:5-7:41
	tools:overrideLibrary
		ADDED from [com.android.support:appcompat-v7:23.4.0] AndroidManifest.xml:23:9-75
	android:targetSdkVersion
		INJECTED from src/main/AndroidManifest.xml
		INJECTED from src/main/AndroidManifest.xml
	android:minSdkVersion
		ADDED from src/main/AndroidManifest.xml:25:15-41
		INJECTED from src/main/AndroidManifest.xml
		INJECTED from src/main/AndroidManifest.xml
application
ADDED from src/main/AndroidManifest.xml:27:5-44:19
MERGED from [com.android.support:design:23.4.0] AndroidManifest.xml:22:5-20
MERGED from [com.android.support:support-v4:23.4.0] AndroidManifest.xml:22:5-20
MERGED from [com.android.support:appcompat-v7:23.4.0] AndroidManifest.xml:25:5-20
MERGED from [com.android.support:animated-vector-drawable:23.4.0] AndroidManifest.xml:7:5-20
MERGED from [com.android.support:support-vector-drawable:23.4.0] AndroidManifest.xml:7:5-20
MERGED from [com.google.android.gms:play-services-appindexing:8.1.0] AndroidManifest.xml:19:5-20
MERGED from [com.google.android.gms:play-services-basement:8.1.0] AndroidManifest.xml:20:5-24:19
MERGED from [com.journeyapps:zxing-android-embedded:2.0.1] AndroidManifest.xml:59:5-75:19
MERGED from [com.journeyapps:zxing-android-legacy:2.0.1] AndroidManifest.xml:60:5-75:19
MERGED from [com.journeyapps:zxing-android-integration:2.0.1] AndroidManifest.xml:9:5-10:19
	android:label
		ADDED from src/main/AndroidManifest.xml:27:18-50
	android:icon
		ADDED from src/main/AndroidManifest.xml:28:9-45
	android:theme
		ADDED from src/main/AndroidManifest.xml:29:9-70
activity#com.example.android.effectivenavigation.MainActivity
ADDED from src/main/AndroidManifest.xml:31:9-36:20
	android:label
		ADDED from src/main/AndroidManifest.xml:31:48-80
	android:name
		ADDED from src/main/AndroidManifest.xml:31:19-47
intent-filter#android.intent.action.MAIN+android.intent.category.LAUNCHER
ADDED from src/main/AndroidManifest.xml:32:13-35:29
action#android.intent.action.MAIN
ADDED from src/main/AndroidManifest.xml:33:17-69
	android:name
		ADDED from src/main/AndroidManifest.xml:33:25-66
category#android.intent.category.LAUNCHER
ADDED from src/main/AndroidManifest.xml:34:17-77
	android:name
		ADDED from src/main/AndroidManifest.xml:34:27-74
meta-data#com.google.android.gms.version
ADDED from src/main/AndroidManifest.xml:40:9-42:69
MERGED from [com.google.android.gms:play-services-basement:8.1.0] AndroidManifest.xml:21:9-23:69
	android:value
		ADDED from src/main/AndroidManifest.xml:42:13-66
	android:name
		ADDED from src/main/AndroidManifest.xml:41:13-58
uses-permission#android.permission.CAMERA
ADDED from [com.journeyapps:zxing-android-embedded:2.0.1] AndroidManifest.xml:23:5-65
MERGED from [com.journeyapps:zxing-android-legacy:2.0.1] AndroidManifest.xml:24:5-65
	android:name
		ADDED from [com.journeyapps:zxing-android-embedded:2.0.1] AndroidManifest.xml:23:22-62
uses-permission#android.permission.VIBRATE
ADDED from [com.journeyapps:zxing-android-embedded:2.0.1] AndroidManifest.xml:24:5-66
MERGED from [com.journeyapps:zxing-android-legacy:2.0.1] AndroidManifest.xml:25:5-66
	android:name
		ADDED from [com.journeyapps:zxing-android-embedded:2.0.1] AndroidManifest.xml:24:22-63
uses-permission#android.permission.FLASHLIGHT
ADDED from [com.journeyapps:zxing-android-embedded:2.0.1] AndroidManifest.xml:25:5-69
MERGED from [com.journeyapps:zxing-android-legacy:2.0.1] AndroidManifest.xml:26:5-69
	android:name
		ADDED from [com.journeyapps:zxing-android-embedded:2.0.1] AndroidManifest.xml:25:22-66
uses-feature#android.hardware.camera
ADDED from [com.journeyapps:zxing-android-embedded:2.0.1] AndroidManifest.xml:28:5-30:36
MERGED from [com.journeyapps:zxing-android-legacy:2.0.1] AndroidManifest.xml:29:5-31:36
	android:required
		ADDED from [com.journeyapps:zxing-android-embedded:2.0.1] AndroidManifest.xml:30:9-33
	android:name
		ADDED from [com.journeyapps:zxing-android-embedded:2.0.1] AndroidManifest.xml:29:9-47
uses-feature#android.hardware.camera.front
ADDED from [com.journeyapps:zxing-android-embedded:2.0.1] AndroidManifest.xml:31:5-33:36
MERGED from [com.journeyapps:zxing-android-legacy:2.0.1] AndroidManifest.xml:32:5-34:36
	android:required
		ADDED from [com.journeyapps:zxing-android-embedded:2.0.1] AndroidManifest.xml:33:9-33
	android:name
		ADDED from [com.journeyapps:zxing-android-embedded:2.0.1] AndroidManifest.xml:32:9-53
uses-feature#android.hardware.camera.autofocus
ADDED from [com.journeyapps:zxing-android-embedded:2.0.1] AndroidManifest.xml:36:5-38:36
MERGED from [com.journeyapps:zxing-android-legacy:2.0.1] AndroidManifest.xml:37:5-39:36
	android:required
		ADDED from [com.journeyapps:zxing-android-embedded:2.0.1] AndroidManifest.xml:38:9-33
	android:name
		ADDED from [com.journeyapps:zxing-android-embedded:2.0.1] AndroidManifest.xml:37:9-57
uses-feature#android.hardware.camera.flash
ADDED from [com.journeyapps:zxing-android-embedded:2.0.1] AndroidManifest.xml:39:5-41:36
MERGED from [com.journeyapps:zxing-android-legacy:2.0.1] AndroidManifest.xml:40:5-42:36
	android:required
		ADDED from [com.journeyapps:zxing-android-embedded:2.0.1] AndroidManifest.xml:41:9-33
	android:name
		ADDED from [com.journeyapps:zxing-android-embedded:2.0.1] AndroidManifest.xml:40:9-53
uses-feature#android.hardware.screen.landscape
ADDED from [com.journeyapps:zxing-android-embedded:2.0.1] AndroidManifest.xml:42:5-44:36
MERGED from [com.journeyapps:zxing-android-legacy:2.0.1] AndroidManifest.xml:43:5-45:36
	android:required
		ADDED from [com.journeyapps:zxing-android-embedded:2.0.1] AndroidManifest.xml:44:9-33
	android:name
		ADDED from [com.journeyapps:zxing-android-embedded:2.0.1] AndroidManifest.xml:43:9-57
uses-feature#android.hardware.wifi
ADDED from [com.journeyapps:zxing-android-embedded:2.0.1] AndroidManifest.xml:45:5-47:36
MERGED from [com.journeyapps:zxing-android-legacy:2.0.1] AndroidManifest.xml:46:5-48:36
	android:required
		ADDED from [com.journeyapps:zxing-android-embedded:2.0.1] AndroidManifest.xml:47:9-33
	android:name
		ADDED from [com.journeyapps:zxing-android-embedded:2.0.1] AndroidManifest.xml:46:9-45
supports-screens
ADDED from [com.journeyapps:zxing-android-embedded:2.0.1] AndroidManifest.xml:52:5-57:40
MERGED from [com.journeyapps:zxing-android-legacy:2.0.1] AndroidManifest.xml:53:5-58:40
	android:largeScreens
		ADDED from [com.journeyapps:zxing-android-embedded:2.0.1] AndroidManifest.xml:54:9-36
	android:smallScreens
		ADDED from [com.journeyapps:zxing-android-embedded:2.0.1] AndroidManifest.xml:56:9-36
	android:normalScreens
		ADDED from [com.journeyapps:zxing-android-embedded:2.0.1] AndroidManifest.xml:55:9-37
	android:xlargeScreens
		ADDED from [com.journeyapps:zxing-android-embedded:2.0.1] AndroidManifest.xml:57:9-37
	android:anyDensity
		ADDED from [com.journeyapps:zxing-android-embedded:2.0.1] AndroidManifest.xml:53:9-34
activity#com.google.zxing.client.android.CaptureActivity
ADDED from [com.journeyapps:zxing-android-embedded:2.0.1] AndroidManifest.xml:60:9-66:63
	android:clearTaskOnLaunch
		ADDED from [com.journeyapps:zxing-android-embedded:2.0.1] AndroidManifest.xml:62:13-45
	android:screenOrientation
		ADDED from [com.journeyapps:zxing-android-embedded:2.0.1] AndroidManifest.xml:63:13-56
	android:stateNotNeeded
		ADDED from [com.journeyapps:zxing-android-embedded:2.0.1] AndroidManifest.xml:64:13-42
	android:windowSoftInputMode
		ADDED from [com.journeyapps:zxing-android-embedded:2.0.1] AndroidManifest.xml:66:13-60
	android:theme
		ADDED from [com.journeyapps:zxing-android-embedded:2.0.1] AndroidManifest.xml:65:13-54
	android:name
		ADDED from [com.journeyapps:zxing-android-embedded:2.0.1] AndroidManifest.xml:61:13-75
activity#com.google.zxing.client.android.HelpActivity
ADDED from [com.journeyapps:zxing-android-embedded:2.0.1] AndroidManifest.xml:67:9-71:45
	android:screenOrientation
		ADDED from [com.journeyapps:zxing-android-embedded:2.0.1] AndroidManifest.xml:70:13-45
	android:label
		ADDED from [com.journeyapps:zxing-android-embedded:2.0.1] AndroidManifest.xml:69:13-52
	android:stateNotNeeded
		ADDED from [com.journeyapps:zxing-android-embedded:2.0.1] AndroidManifest.xml:71:13-42
	android:name
		ADDED from [com.journeyapps:zxing-android-embedded:2.0.1] AndroidManifest.xml:68:13-72
activity#com.google.zxing.client.android.encode.EncodeActivity
ADDED from [com.journeyapps:zxing-android-embedded:2.0.1] AndroidManifest.xml:72:9-74:48
	android:screenOrientation
		ADDED from [com.journeyapps:zxing-android-embedded:2.0.1] AndroidManifest.xml:74:13-45
	android:name
		ADDED from [com.journeyapps:zxing-android-embedded:2.0.1] AndroidManifest.xml:73:13-81
activity#com.google.zxing.client.androidlegacy.CaptureActivity
ADDED from [com.journeyapps:zxing-android-legacy:2.0.1] AndroidManifest.xml:61:9-68:63
	android:clearTaskOnLaunch
		ADDED from [com.journeyapps:zxing-android-legacy:2.0.1] AndroidManifest.xml:63:13-45
	android:screenOrientation
		ADDED from [com.journeyapps:zxing-android-legacy:2.0.1] AndroidManifest.xml:65:13-50
	android:stateNotNeeded
		ADDED from [com.journeyapps:zxing-android-legacy:2.0.1] AndroidManifest.xml:66:13-42
	android:windowSoftInputMode
		ADDED from [com.journeyapps:zxing-android-legacy:2.0.1] AndroidManifest.xml:68:13-60
	android:configChanges
		ADDED from [com.journeyapps:zxing-android-legacy:2.0.1] AndroidManifest.xml:64:13-63
	android:theme
		ADDED from [com.journeyapps:zxing-android-legacy:2.0.1] AndroidManifest.xml:67:13-71
	android:name
		ADDED from [com.journeyapps:zxing-android-legacy:2.0.1] AndroidManifest.xml:62:13-81
activity#com.google.zxing.client.androidlegacy.HelpActivity
ADDED from [com.journeyapps:zxing-android-legacy:2.0.1] AndroidManifest.xml:69:9-71:48
	android:screenOrientation
		ADDED from [com.journeyapps:zxing-android-legacy:2.0.1] AndroidManifest.xml:71:13-45
	android:name
		ADDED from [com.journeyapps:zxing-android-legacy:2.0.1] AndroidManifest.xml:70:13-78
activity#com.google.zxing.client.androidlegacy.encode.EncodeActivity
ADDED from [com.journeyapps:zxing-android-legacy:2.0.1] AndroidManifest.xml:72:9-74:48
	android:screenOrientation
		ADDED from [com.journeyapps:zxing-android-legacy:2.0.1] AndroidManifest.xml:74:13-45
	android:name
		ADDED from [com.journeyapps:zxing-android-legacy:2.0.1] AndroidManifest.xml:73:13-87